<?xml version="1.0" encoding="UTF-8"?>
<!-- Generated by org.testng.reporters.JUnitReportReporter -->
<testsuite hostname="01HW510223" name="iaccinteg.democlassurl" tests="1" failures="0" timestamp="12 Feb 2017 10:14:27 GMT" time="126.863" errors="0">
  <testcase name="shopflow" time="126.863" classname="iaccinteg.democlassurl"/>
</testsuite> <!-- iaccinteg.democlassurl -->
