<?xml version="1.0" encoding="UTF-8"?>
<!-- Generated by org.testng.reporters.JUnitReportReporter -->
<testsuite hostname="01HW510223" name="iaccinteg.prerun" tests="1" failures="0" timestamp="10 Feb 2017 07:23:21 GMT" time="1.431" errors="0">
  <testcase name="excelclear" time="1.431" classname="iaccinteg.prerun"/>
</testsuite> <!-- iaccinteg.prerun -->
