<?xml version="1.0" encoding="UTF-8"?>
<!-- Generated by org.testng.reporters.JUnitReportReporter -->
<testsuite hostname="01HW510223" name="iaccinteg.dummy" tests="1" failures="0" timestamp="14 Feb 2017 13:02:01 GMT" time="58.318" errors="0">
  <testcase name="test1" time="58.318" classname="iaccinteg.dummy"/>
</testsuite> <!-- iaccinteg.dummy -->
