<?xml version="1.0" encoding="UTF-8"?>
<!-- Generated by org.testng.reporters.JUnitReportReporter -->
<testsuite hostname="Mukil" name="iaccinteg.democlass" tests="1" failures="0" timestamp="19 Jan 2017 20:36:23 GMT" time="157.184" errors="0">
  <testcase name="shopflow" time="157.184" classname="iaccinteg.democlass"/>
</testsuite> <!-- iaccinteg.democlass -->
