<?xml version="1.0" encoding="UTF-8"?>
<!-- Generated by org.testng.reporters.JUnitReportReporter -->
<testsuite hostname="01HW510223" name="iaccinteg.democlassurl" tests="1" failures="0" timestamp="9 Feb 2017 13:32:52 GMT" time="348.689" errors="0">
  <testcase name="shopflow" time="348.689" classname="iaccinteg.democlassurl"/>
</testsuite> <!-- iaccinteg.democlassurl -->
