<?xml version="1.0" encoding="UTF-8"?>
<!-- Generated by org.testng.reporters.JUnitReportReporter -->
<testsuite hostname="01HW510223" name="iaccinteg.ctlextentdemoclasshtmlupload" tests="1" failures="0" timestamp="15 Feb 2017 11:27:48 GMT" time="455.379" errors="0">
  <testcase name="shopflow" time="455.379" classname="iaccinteg.ctlextentdemoclasshtmlupload"/>
</testsuite> <!-- iaccinteg.ctlextentdemoclasshtmlupload -->
