<?xml version="1.0" encoding="UTF-8"?>
<!-- Generated by org.testng.reporters.JUnitReportReporter -->
<testsuite hostname="01HW510223" name="iaccinteg.ctlextentdemoclassurl" tests="1" failures="0" timestamp="14 Feb 2017 11:22:04 GMT" time="370.270" errors="0">
  <testcase name="shopflow" time="370.270" classname="iaccinteg.ctlextentdemoclassurl"/>
</testsuite> <!-- iaccinteg.ctlextentdemoclassurl -->
