<?xml version="1.0" encoding="UTF-8"?>
<!-- Generated by org.testng.reporters.JUnitReportReporter -->
<testsuite hostname="01HW510223" name="iaccinteg.democlassurl" tests="1" failures="0" timestamp="10 Feb 2017 14:39:14 GMT" time="114.458" errors="0">
  <testcase name="shopflow" time="114.458" classname="iaccinteg.democlassurl"/>
</testsuite> <!-- iaccinteg.democlassurl -->
