<?xml version="1.0" encoding="UTF-8"?>
<!-- Generated by org.testng.reporters.JUnitReportReporter -->
<testsuite hostname="01HW510223" name="iaccinteg.dummy" tests="1" failures="0" timestamp="15 Feb 2017 09:15:39 GMT" time="83.591" errors="0">
  <testcase name="test1" time="83.591" classname="iaccinteg.dummy"/>
</testsuite> <!-- iaccinteg.dummy -->
